 
****************************************
Report : area
Design : s386
Version: M-2016.12-SP1
Date   : Tue May 16 20:23:08 2023
****************************************

Information: Updating design information... (UID-85)
Library(s) Used:

    saed32rvt_ss0p95v25c (File: /mnt/class_data/ecec574-w2019/PDKs/SAED32nm/lib/stdcell_rvt/db_ccs/saed32rvt_ss0p95v25c.db)

Number of ports:                           35
Number of nets:                           113
Number of cells:                           93
Number of combinational cells:             81
Number of sequential cells:                 6
Number of macros/black boxes:               0
Number of buf/inv:                         25
Number of references:                      26

Combinational area:                154.011266
Buf/Inv area:                       34.817729
Noncombinational area:              39.646465
Macro/Black Box area:                0.000000
Net Interconnect area:              19.498927

Total cell area:                   193.657731
Total area:                        213.156658
1
