 
****************************************
  Report : Chip Summary
  Design : s386
  Version: Q-2019.12
  Date   : Tue May 16 20:38:11 2023
****************************************
Std cell utilization: 55.22%  (735/(1331-0))
(Non-fixed + Fixed)
Std cell utilization: 55.22%  (735/(1331-0))
(Non-fixed only)
Chip area:            1331     sites, bbox (5.00 5.00 23.39 23.39) um
Std cell area:        735      sites, (non-fixed:735    fixed:0)
                      82       cells, (non-fixed:82     fixed:0)
Macro cell area:      0        sites
                      0        cells
Placement blockages:  0        sites, (excluding fixed std cells)
                      0        sites, (include fixed std cells & chimney area)
                      0        sites, (complete p/g net blockages)
Routing blockages:    0        sites, (partial p/g net blockages)
                      0        sites, (routing blockages and signal pre-route)
Lib cell count:       20 
Avg. std cell width:  1.51 um 
Site array:           unit     (width: 0.152 um, height: 1.672 um, rows: 11)
Physical DB scale:    1000 db_unit = 1 um 

 
****************************************
  Report : pnet options
  Design : s386
  Version: Q-2019.12
  Date   : Tue May 16 20:38:11 2023
****************************************


--------------------------------------------------------------------
Layer      Blockage   Min_width   Min_height   Via_additive     Density
--------------------------------------------------------------------
M1         none          ---         ---       via additive      ---
M2         none          ---         ---       via additive      ---
M3         none          ---         ---       via additive      ---
M4         none          ---         ---       via additive      ---
M5         none          ---         ---       via additive      ---
M6         none          ---         ---       via additive      ---
M7         none          ---         ---       via additive      ---
M8         none          ---         ---       via additive      ---
M9         none          ---         ---       via additive      ---
MRDL       none          ---         ---       via additive      ---

**********************************
      Sub-Region Utilization      
**********************************
Number of regions with placement utilization 0 - 0.125 is 0 (0.00%)
Number of regions with placement utilization 0.125 - 0.25 is 1 (11.11%)
Number of regions with placement utilization 0.25 - 0.375 is 0 (0.00%)
Number of regions with placement utilization 0.375 - 0.5 is 2 (22.22%)
Number of regions with placement utilization 0.5 - 0.625 is 3 (33.33%)
Number of regions with placement utilization 0.625 - 0.75 is 2 (22.22%)
Number of regions with placement utilization 0.75 - 0.875 is 0 (0.00%)
Number of regions with placement utilization 0.875 - 1 is 1 (11.11%)
1
