Information: Propagating switching activity (low effort zero delay simulation). (PWR-6)
Warning: Design has unannotated primary inputs. (PWR-414)
Warning: Design has unannotated sequential cell outputs. (PWR-415)
 
****************************************
Report : power
        -analysis_effort low
Design : s386
Version: Q-2019.12
Date   : Tue May 16 20:38:12 2023
****************************************


Library(s) Used:

    saed32rvt_ss0p95v25c (File: /mnt/class_data/ecec574-w2019/PDKs/SAED32nm/lib/stdcell_rvt/db_ccs/saed32rvt_ss0p95v25c.db)

Information: The cells in your design are not characterized for internal power. (PWR-229)

Operating Conditions: ss0p95v25c   Library: saed32rvt_ss0p95v25c
Wire Load Model Mode: enclosed

Design        Wire Load Model            Library
------------------------------------------------
s386                   ForQA             saed32rvt_ss0p95v25c
dff_1                  ForQA             saed32rvt_ss0p95v25c
dff_2                  ForQA             saed32rvt_ss0p95v25c
dff_3                  ForQA             saed32rvt_ss0p95v25c
dff_4                  ForQA             saed32rvt_ss0p95v25c
dff_5                  ForQA             saed32rvt_ss0p95v25c
dff_0                  ForQA             saed32rvt_ss0p95v25c


Global Operating Voltage = 0.95 
Power-specific unit information :
    Voltage Units = 1V
    Capacitance Units = 1.000000ff
    Time Units = 1ns
    Dynamic Power Units = 1uW    (derived from V,C,T units)
    Leakage Power Units = 1pW


  Cell Internal Power  =   0.0000 uW    (0%)
  Net Switching Power  =   3.3417 uW  (100%)
                         ---------
Total Dynamic Power    =   3.3417 uW  (100%)

Cell Leakage Power     =   6.2948 uW


                 Internal         Switching           Leakage            Total
Power Group      Power            Power               Power              Power   (   %    )  Attrs
--------------------------------------------------------------------------------------------------
io_pad             0.0000            0.0000            0.0000            0.0000  (   0.00%)
memory             0.0000            0.0000            0.0000            0.0000  (   0.00%)
black_box          0.0000            0.0000            0.0000            0.0000  (   0.00%)
clock_network      0.0000            0.0000            0.0000            0.0000  (   0.00%)
register           0.0000            0.6553        8.4494e+05            1.5003  (  15.57%)
sequential         0.0000            0.0000            0.0000            0.0000  (   0.00%)
combinational      0.0000            2.6863        5.4499e+06            8.1362  (  84.43%)
--------------------------------------------------------------------------------------------------
Total              0.0000 uW         3.3417 uW     6.2948e+06 pW         9.6365 uW
1
