Information: Propagating switching activity (low effort zero delay simulation). (PWR-6)
Warning: Design has unannotated primary inputs. (PWR-414)
Warning: Design has unannotated sequential cell outputs. (PWR-415)
 
****************************************
Report : power
        -analysis_effort low
Design : s386
Version: M-2016.12-SP1
Date   : Tue May 16 20:31:03 2023
****************************************


Library(s) Used:

    saed32rvt_ss0p95v25c (File: /mnt/class_data/ecec574-w2019/PDKs/SAED32nm/lib/stdcell_rvt/db_ccs/saed32rvt_ss0p95v25c.db)


Operating Conditions: ss0p95v25c   Library: saed32rvt_ss0p95v25c
Wire Load Model Mode: enclosed

Design        Wire Load Model            Library
------------------------------------------------
s386                   ForQA             saed32rvt_ss0p95v25c
dff_0                  ForQA             saed32rvt_ss0p95v25c
dff_1                  ForQA             saed32rvt_ss0p95v25c
dff_2                  ForQA             saed32rvt_ss0p95v25c
dff_3                  ForQA             saed32rvt_ss0p95v25c
dff_4                  ForQA             saed32rvt_ss0p95v25c
dff_5                  ForQA             saed32rvt_ss0p95v25c


Global Operating Voltage = 0.95 
Power-specific unit information :
    Voltage Units = 1V
    Capacitance Units = 1.000000ff
    Time Units = 1ns
    Dynamic Power Units = 1uW    (derived from V,C,T units)
    Leakage Power Units = 1pW


  Cell Internal Power  =   0.0000 uW    (0%)
  Net Switching Power  =   2.4851 uW  (100%)
                         ---------
Total Dynamic Power    =   2.4851 uW  (100%)

Cell Leakage Power     =   6.6664 uW


                 Internal         Switching           Leakage            Total
Power Group      Power            Power               Power              Power   (   %    )  Attrs
--------------------------------------------------------------------------------------------------
io_pad             0.0000            0.0000            0.0000            0.0000  (   0.00%)
memory             0.0000            0.0000            0.0000            0.0000  (   0.00%)
black_box          0.0000            0.0000            0.0000            0.0000  (   0.00%)
clock_network      0.0000            0.0000            0.0000            0.0000  (   0.00%)
register           0.0000            0.3840        8.4494e+05            1.2289  (  13.43%)
sequential         0.0000            0.0000            0.0000            0.0000  (   0.00%)
combinational      0.0000            2.1011        5.8215e+06            7.9226  (  86.57%)
--------------------------------------------------------------------------------------------------
Total              0.0000 uW         2.4851 uW     6.6664e+06 pW         9.1515 uW
1
