 
****************************************
Report : timing
        -path full
        -delay max
        -max_paths 10
Design : s386
Version: M-2016.12-SP1
Date   : Tue May 16 20:31:03 2023
****************************************

Operating Conditions: ss0p95v25c   Library: saed32rvt_ss0p95v25c
Wire Load Model Mode: enclosed

  Startpoint: v0 (input port clocked by ideal_clock1)
  Endpoint: DFF_0/q_reg
            (rising edge-triggered flip-flop clocked by ideal_clock1)
  Path Group: ideal_clock1
  Path Type: max

  Des/Clust/Port     Wire Load Model       Library
  ------------------------------------------------
  s386               ForQA                 saed32rvt_ss0p95v25c

  Point                                    Incr       Path
  -----------------------------------------------------------
  clock ideal_clock1 (rise edge)           0.00       0.00
  clock network delay (ideal)              0.40       0.40
  input external delay                     0.10       0.50 r
  v0 (in)                                  0.00       0.50 r
  U105/Y (NAND2X0_RVT)                     0.73       1.23 f
  U83/Y (NOR3X2_RVT)                       0.17       1.40 r
  U75/Y (AND2X2_RVT)                       0.23       1.63 r
  U125/Y (NAND3X0_RVT)                     0.53       2.16 f
  U138/Y (NAND2X0_RVT)                     0.07       2.23 r
  DFF_0/d (dff_0)                          0.00       2.23 r
  DFF_0/q_reg/D (DFFX1_RVT)                0.01       2.25 r
  data arrival time                                   2.25

  clock ideal_clock1 (rise edge)           2.00       2.00
  clock network delay (ideal)              0.40       2.40
  clock uncertainty                       -0.10       2.30
  DFF_0/q_reg/CLK (DFFX1_RVT)              0.00       2.30 r
  library setup time                      -0.05       2.25
  data required time                                  2.25
  -----------------------------------------------------------
  data required time                                  2.25
  data arrival time                                  -2.25
  -----------------------------------------------------------
  slack (VIOLATED: increase significant digits)       0.00


  Startpoint: v0 (input port clocked by ideal_clock1)
  Endpoint: v13_D_6 (output port clocked by ideal_clock1)
  Path Group: ideal_clock1
  Path Type: max

  Des/Clust/Port     Wire Load Model       Library
  ------------------------------------------------
  s386               ForQA                 saed32rvt_ss0p95v25c

  Point                                    Incr       Path
  -----------------------------------------------------------
  clock ideal_clock1 (rise edge)           0.00       0.00
  clock network delay (ideal)              0.40       0.40
  input external delay                     0.10       0.50 r
  v0 (in)                                  0.00       0.50 r
  U105/Y (NAND2X0_RVT)                     0.73       1.23 f
  U83/Y (NOR3X2_RVT)                       0.17       1.40 r
  U75/Y (AND2X2_RVT)                       0.23       1.63 r
  U139/Y (AO22X1_RVT)                      0.54       2.18 r
  v13_D_6 (out)                            0.01       2.19 r
  data arrival time                                   2.19

  clock ideal_clock1 (rise edge)           2.00       2.00
  clock network delay (ideal)              0.40       2.40
  clock uncertainty                       -0.10       2.30
  output external delay                   -0.10       2.20
  data required time                                  2.20
  -----------------------------------------------------------
  data required time                                  2.20
  data arrival time                                  -2.19
  -----------------------------------------------------------
  slack (MET)                                         0.01


  Startpoint: v0 (input port clocked by ideal_clock1)
  Endpoint: v13_D_7 (output port clocked by ideal_clock1)
  Path Group: ideal_clock1
  Path Type: max

  Des/Clust/Port     Wire Load Model       Library
  ------------------------------------------------
  s386               ForQA                 saed32rvt_ss0p95v25c

  Point                                    Incr       Path
  -----------------------------------------------------------
  clock ideal_clock1 (rise edge)           0.00       0.00
  clock network delay (ideal)              0.40       0.40
  input external delay                     0.10       0.50 r
  v0 (in)                                  0.00       0.50 r
  U105/Y (NAND2X0_RVT)                     0.73       1.23 f
  U83/Y (NOR3X2_RVT)                       0.17       1.40 r
  U75/Y (AND2X2_RVT)                       0.23       1.63 r
  U77/Y (AND2X2_RVT)                       0.54       2.17 r
  v13_D_7 (out)                            0.01       2.18 r
  data arrival time                                   2.18

  clock ideal_clock1 (rise edge)           2.00       2.00
  clock network delay (ideal)              0.40       2.40
  clock uncertainty                       -0.10       2.30
  output external delay                   -0.10       2.20
  data required time                                  2.20
  -----------------------------------------------------------
  data required time                                  2.20
  data arrival time                                  -2.18
  -----------------------------------------------------------
  slack (MET)                                         0.02


  Startpoint: v0 (input port clocked by ideal_clock1)
  Endpoint: DFF_1/q_reg
            (rising edge-triggered flip-flop clocked by ideal_clock1)
  Path Group: ideal_clock1
  Path Type: max

  Des/Clust/Port     Wire Load Model       Library
  ------------------------------------------------
  s386               ForQA                 saed32rvt_ss0p95v25c

  Point                                    Incr       Path
  -----------------------------------------------------------
  clock ideal_clock1 (rise edge)           0.00       0.00
  clock network delay (ideal)              0.40       0.40
  input external delay                     0.10       0.50 r
  v0 (in)                                  0.00       0.50 r
  U105/Y (NAND2X0_RVT)                     0.73       1.23 f
  U83/Y (NOR3X2_RVT)                       0.17       1.40 r
  U75/Y (AND2X2_RVT)                       0.23       1.63 r
  U140/Y (AO22X1_RVT)                      0.56       2.19 r
  DFF_1/d (dff_5)                          0.00       2.19 r
  DFF_1/q_reg/D (DFFX1_RVT)                0.01       2.20 r
  data arrival time                                   2.20

  clock ideal_clock1 (rise edge)           2.00       2.00
  clock network delay (ideal)              0.40       2.40
  clock uncertainty                       -0.10       2.30
  DFF_1/q_reg/CLK (DFFX1_RVT)              0.00       2.30 r
  library setup time                      -0.05       2.25
  data required time                                  2.25
  -----------------------------------------------------------
  data required time                                  2.25
  data arrival time                                  -2.20
  -----------------------------------------------------------
  slack (MET)                                         0.05


  Startpoint: v0 (input port clocked by ideal_clock1)
  Endpoint: DFF_5/q_reg
            (rising edge-triggered flip-flop clocked by ideal_clock1)
  Path Group: ideal_clock1
  Path Type: max

  Des/Clust/Port     Wire Load Model       Library
  ------------------------------------------------
  s386               ForQA                 saed32rvt_ss0p95v25c

  Point                                    Incr       Path
  -----------------------------------------------------------
  clock ideal_clock1 (rise edge)           0.00       0.00
  clock network delay (ideal)              0.40       0.40
  input external delay                     0.10       0.50 r
  v0 (in)                                  0.00       0.50 r
  U105/Y (NAND2X0_RVT)                     0.73       1.23 f
  U83/Y (NOR3X2_RVT)                       0.17       1.40 r
  U75/Y (AND2X2_RVT)                       0.23       1.63 r
  U79/Y (OA21X1_RVT)                       0.54       2.17 r
  DFF_5/d (dff_1)                          0.00       2.17 r
  DFF_5/q_reg/D (DFFX1_RVT)                0.01       2.19 r
  data arrival time                                   2.19

  clock ideal_clock1 (rise edge)           2.00       2.00
  clock network delay (ideal)              0.40       2.40
  clock uncertainty                       -0.10       2.30
  DFF_5/q_reg/CLK (DFFX1_RVT)              0.00       2.30 r
  library setup time                      -0.05       2.25
  data required time                                  2.25
  -----------------------------------------------------------
  data required time                                  2.25
  data arrival time                                  -2.19
  -----------------------------------------------------------
  slack (MET)                                         0.06


  Startpoint: DFF_4/q_reg
              (rising edge-triggered flip-flop clocked by ideal_clock1)
  Endpoint: DFF_4/q_reg
            (rising edge-triggered flip-flop clocked by ideal_clock1)
  Path Group: ideal_clock1
  Path Type: max

  Des/Clust/Port     Wire Load Model       Library
  ------------------------------------------------
  s386               ForQA                 saed32rvt_ss0p95v25c

  Point                                    Incr       Path
  -----------------------------------------------------------
  clock ideal_clock1 (rise edge)           0.00       0.00
  clock network delay (ideal)              0.40       0.40
  DFF_4/q_reg/CLK (DFFX1_RVT)              0.00       0.40 r
  DFF_4/q_reg/Q (DFFX1_RVT)                0.21       0.61 f
  DFF_4/q (dff_2)                          0.00       0.61 f
  U147/Y (INVX1_RVT)                       0.57       1.18 r
  U108/Y (AOI21X1_RVT)                     0.57       1.76 f
  U103/Y (OA22X1_RVT)                      0.09       1.85 f
  U102/Y (OA22X1_RVT)                      0.08       1.93 f
  U101/Y (OAI22X1_RVT)                     0.10       2.03 r
  U78/Y (AND2X1_RVT)                       0.07       2.09 r
  DFF_4/d (dff_2)                          0.00       2.09 r
  DFF_4/q_reg/D (DFFX1_RVT)                0.01       2.11 r
  data arrival time                                   2.11

  clock ideal_clock1 (rise edge)           2.00       2.00
  clock network delay (ideal)              0.40       2.40
  clock uncertainty                       -0.10       2.30
  DFF_4/q_reg/CLK (DFFX1_RVT)              0.00       2.30 r
  library setup time                      -0.05       2.25
  data required time                                  2.25
  -----------------------------------------------------------
  data required time                                  2.25
  data arrival time                                  -2.11
  -----------------------------------------------------------
  slack (MET)                                         0.15


  Startpoint: v0 (input port clocked by ideal_clock1)
  Endpoint: v13_D_11 (output port clocked by ideal_clock1)
  Path Group: ideal_clock1
  Path Type: max

  Des/Clust/Port     Wire Load Model       Library
  ------------------------------------------------
  s386               ForQA                 saed32rvt_ss0p95v25c

  Point                                    Incr       Path
  -----------------------------------------------------------
  clock ideal_clock1 (rise edge)           0.00       0.00
  clock network delay (ideal)              0.40       0.40
  input external delay                     0.10       0.50 r
  v0 (in)                                  0.00       0.50 r
  U105/Y (NAND2X0_RVT)                     0.73       1.23 f
  U74/Y (DELLN2X2_RVT)                     0.40       1.63 f
  U98/Y (AO22X1_RVT)                       0.09       1.72 f
  U97/Y (NAND2X0_RVT)                      0.08       1.80 r
  U132/Y (NAND3X0_RVT)                     0.23       2.03 f
  v13_D_11 (out)                           0.01       2.04 f
  data arrival time                                   2.04

  clock ideal_clock1 (rise edge)           2.00       2.00
  clock network delay (ideal)              0.40       2.40
  clock uncertainty                       -0.10       2.30
  output external delay                   -0.10       2.20
  data required time                                  2.20
  -----------------------------------------------------------
  data required time                                  2.20
  data arrival time                                  -2.04
  -----------------------------------------------------------
  slack (MET)                                         0.16


  Startpoint: DFF_4/q_reg
              (rising edge-triggered flip-flop clocked by ideal_clock1)
  Endpoint: DFF_3/q_reg
            (rising edge-triggered flip-flop clocked by ideal_clock1)
  Path Group: ideal_clock1
  Path Type: max

  Des/Clust/Port     Wire Load Model       Library
  ------------------------------------------------
  s386               ForQA                 saed32rvt_ss0p95v25c

  Point                                    Incr       Path
  -----------------------------------------------------------
  clock ideal_clock1 (rise edge)           0.00       0.00
  clock network delay (ideal)              0.40       0.40
  DFF_4/q_reg/CLK (DFFX1_RVT)              0.00       0.40 r
  DFF_4/q_reg/Q (DFFX1_RVT)                0.21       0.61 f
  DFF_4/q (dff_2)                          0.00       0.61 f
  U94/Y (INVX1_RVT)                        0.56       1.17 r
  U104/Y (AND2X1_RVT)                      0.13       1.30 r
  U150/Y (AND3X1_RVT)                      0.23       1.53 r
  U135/Y (NBUFFX2_RVT)                     0.11       1.65 r
  U146/Y (AND2X1_RVT)                      0.13       1.78 r
  U145/Y (NAND3X0_RVT)                     0.21       1.98 f
  U134/Y (NAND3X0_RVT)                     0.06       2.04 r
  DFF_3/d (dff_3)                          0.00       2.04 r
  DFF_3/q_reg/D (DFFX1_RVT)                0.01       2.06 r
  data arrival time                                   2.06

  clock ideal_clock1 (rise edge)           2.00       2.00
  clock network delay (ideal)              0.40       2.40
  clock uncertainty                       -0.10       2.30
  DFF_3/q_reg/CLK (DFFX1_RVT)              0.00       2.30 r
  library setup time                      -0.06       2.24
  data required time                                  2.24
  -----------------------------------------------------------
  data required time                                  2.24
  data arrival time                                  -2.06
  -----------------------------------------------------------
  slack (MET)                                         0.18


  Startpoint: DFF_4/q_reg
              (rising edge-triggered flip-flop clocked by ideal_clock1)
  Endpoint: v13_D_12 (output port clocked by ideal_clock1)
  Path Group: ideal_clock1
  Path Type: max

  Des/Clust/Port     Wire Load Model       Library
  ------------------------------------------------
  s386               ForQA                 saed32rvt_ss0p95v25c

  Point                                    Incr       Path
  -----------------------------------------------------------
  clock ideal_clock1 (rise edge)           0.00       0.00
  clock network delay (ideal)              0.40       0.40
  DFF_4/q_reg/CLK (DFFX1_RVT)              0.00       0.40 r
  DFF_4/q_reg/Q (DFFX1_RVT)                0.21       0.61 f
  DFF_4/q (dff_2)                          0.00       0.61 f
  U94/Y (INVX1_RVT)                        0.56       1.17 r
  U104/Y (AND2X1_RVT)                      0.13       1.30 r
  U150/Y (AND3X1_RVT)                      0.23       1.53 r
  U135/Y (NBUFFX2_RVT)                     0.11       1.65 r
  U146/Y (AND2X1_RVT)                      0.13       1.78 r
  U144/Y (AND4X1_RVT)                      0.23       2.00 r
  v13_D_12 (out)                           0.01       2.01 r
  data arrival time                                   2.01

  clock ideal_clock1 (rise edge)           2.00       2.00
  clock network delay (ideal)              0.40       2.40
  clock uncertainty                       -0.10       2.30
  output external delay                   -0.10       2.20
  data required time                                  2.20
  -----------------------------------------------------------
  data required time                                  2.20
  data arrival time                                  -2.01
  -----------------------------------------------------------
  slack (MET)                                         0.19


  Startpoint: DFF_4/q_reg
              (rising edge-triggered flip-flop clocked by ideal_clock1)
  Endpoint: v13_D_10 (output port clocked by ideal_clock1)
  Path Group: ideal_clock1
  Path Type: max

  Des/Clust/Port     Wire Load Model       Library
  ------------------------------------------------
  s386               ForQA                 saed32rvt_ss0p95v25c

  Point                                    Incr       Path
  -----------------------------------------------------------
  clock ideal_clock1 (rise edge)           0.00       0.00
  clock network delay (ideal)              0.40       0.40
  DFF_4/q_reg/CLK (DFFX1_RVT)              0.00       0.40 r
  DFF_4/q_reg/Q (DFFX1_RVT)                0.21       0.61 f
  DFF_4/q (dff_2)                          0.00       0.61 f
  U94/Y (INVX1_RVT)                        0.56       1.17 r
  U104/Y (AND2X1_RVT)                      0.13       1.30 r
  U150/Y (AND3X1_RVT)                      0.23       1.53 r
  U135/Y (NBUFFX2_RVT)                     0.11       1.65 r
  U146/Y (AND2X1_RVT)                      0.13       1.78 r
  U143/Y (AND3X1_RVT)                      0.22       2.00 r
  v13_D_10 (out)                           0.01       2.01 r
  data arrival time                                   2.01

  clock ideal_clock1 (rise edge)           2.00       2.00
  clock network delay (ideal)              0.40       2.40
  clock uncertainty                       -0.10       2.30
  output external delay                   -0.10       2.20
  data required time                                  2.20
  -----------------------------------------------------------
  data required time                                  2.20
  data arrival time                                  -2.01
  -----------------------------------------------------------
  slack (MET)                                         0.19


1
