OpenROAD v2.0-7988-g20b9074 
This program is licensed under the BSD-3 license. See the LICENSE file for details.
Components of this program may be licensed under more restrictive licenses which must be honored.
[INFO GRT-0020] Min routing layer: met1
[INFO GRT-0021] Max routing layer: met5
[INFO GRT-0022] Global adjustment: 0%
[INFO GRT-0023] Grid origin: (0, 0)
[INFO GRT-0043] No OR_DEFAULT vias defined.
[INFO GRT-0088] Layer li1     Track-Pitch = 0.4600  line-2-Via Pitch: 0.3400
[INFO GRT-0088] Layer met1    Track-Pitch = 0.3400  line-2-Via Pitch: 0.3400
[INFO GRT-0088] Layer met2    Track-Pitch = 0.4600  line-2-Via Pitch: 0.3500
[INFO GRT-0088] Layer met3    Track-Pitch = 0.6800  line-2-Via Pitch: 0.6150
[INFO GRT-0088] Layer met4    Track-Pitch = 0.9200  line-2-Via Pitch: 1.0400
[INFO GRT-0088] Layer met5    Track-Pitch = 3.4000  line-2-Via Pitch: 3.1100
[INFO GRT-0019] Found 0 clock nets.
[INFO GRT-0001] Minimum degree: 2
[INFO GRT-0002] Maximum degree: 16
[INFO GRT-0003] Macros: 0
[INFO GRT-0004] Blockages: 89

[INFO GRT-0053] Routing resources analysis:
          Routing      Original      Derated      Resource
Layer     Direction    Resources     Resources    Reduction (%)
---------------------------------------------------------------
li1        Vertical            0             0          0.00%
met1       Horizontal        500           296          40.80%
met2       Vertical          375           270          28.00%
met3       Horizontal        250           184          26.40%
met4       Vertical          150           106          29.33%
met5       Horizontal         50            32          36.00%
---------------------------------------------------------------

[INFO GRT-0197] Via related to pin nodes: 390
[INFO GRT-0198] Via related Steiner nodes: 1
[INFO GRT-0199] Via filling finished.
[INFO GRT-0111] Final number of vias: 412
[INFO GRT-0112] Final usage 3D: 1444

[INFO GRT-0096] Final congestion report:
Layer         Resource        Demand        Usage (%)    Max H / Max V / Total Overflow
---------------------------------------------------------------------------------------
li1                  0             0            0.00%             0 /  0 /  0
met1               296            88           29.73%             0 /  0 /  0
met2               270           114           42.22%             0 /  0 /  0
met3               184             4            2.17%             0 /  0 /  0
met4               106             2            1.89%             0 /  0 /  0
met5                32             0            0.00%             0 /  0 /  0
---------------------------------------------------------------------------------------
Total              888           208           23.42%             0 /  0 /  0

[INFO GRT-0018] Total wirelength: 2953 um
[INFO GRT-0014] Routed nets: 105
[WARNING STA-0357] virtual clock clk can not be propagated.

==========================================================================
global route check_setup
--------------------------------------------------------------------------
Warning: There are 6 unclocked register/latch pins.
Warning: There are 6 unconstrained endpoints.

==========================================================================
global route report_tns
--------------------------------------------------------------------------
tns -1.69

==========================================================================
global route report_wns
--------------------------------------------------------------------------
wns -0.36

==========================================================================
global route report_worst_slack
--------------------------------------------------------------------------
worst slack -0.36

==========================================================================
global route report_clock_skew
--------------------------------------------------------------------------
Clock clk
No launch/capture paths found.


==========================================================================
global route report_checks -path_delay min
--------------------------------------------------------------------------
Startpoint: v6 (input port clocked by clk)
Endpoint: v13_D_8 (output port clocked by clk)
Path Group: clk
Path Type: min

Fanout     Cap    Slew   Delay    Time   Description
-----------------------------------------------------------------------------
                  0.00    0.00    0.00   clock clk (rise edge)
                          0.00    0.00   clock network delay (ideal)
                          0.10    0.10 ^ input external delay
                  0.00    0.00    0.10 ^ v6 (in)
     1    0.01                           v6 (net)
                  0.00    0.00    0.10 ^ input8/A (sky130_fd_sc_hd__clkbuf_1)
                  0.11    0.11    0.21 ^ input8/X (sky130_fd_sc_hd__clkbuf_1)
     1    0.01                           net8 (net)
                  0.11    0.00    0.21 ^ _078_/A (sky130_fd_sc_hd__nor2_1)
                  0.03    0.07    0.29 v _078_/Y (sky130_fd_sc_hd__nor2_1)
     1    0.01                           net14 (net)
                  0.03    0.00    0.29 v output14/A (sky130_fd_sc_hd__clkbuf_1)
                  0.03    0.08    0.37 v output14/X (sky130_fd_sc_hd__clkbuf_1)
     1    0.00                           v13_D_8 (net)
                  0.03    0.00    0.37 v v13_D_8 (out)
                                  0.37   data arrival time

                  0.00    0.00    0.00   clock clk (rise edge)
                          0.00    0.00   clock network delay (ideal)
                          0.10    0.10   clock uncertainty
                          0.00    0.10   clock reconvergence pessimism
                         -0.10    0.00   output external delay
                                  0.00   data required time
-----------------------------------------------------------------------------
                                  0.00   data required time
                                 -0.37   data arrival time
-----------------------------------------------------------------------------
                                  0.37   slack (MET)



==========================================================================
global route report_checks -path_delay max
--------------------------------------------------------------------------
Startpoint: v3 (input port clocked by clk)
Endpoint: v13_D_7 (output port clocked by clk)
Path Group: clk
Path Type: max

Fanout     Cap    Slew   Delay    Time   Description
-----------------------------------------------------------------------------
                  0.00    0.00    0.00   clock clk (rise edge)
                          0.00    0.00   clock network delay (ideal)
                          0.20    0.20 ^ input external delay
                  0.00    0.00    0.20 ^ v3 (in)
     1    0.01                           v3 (net)
                  0.00    0.00    0.20 ^ input5/A (sky130_fd_sc_hd__buf_6)
                  0.06    0.09    0.29 ^ input5/X (sky130_fd_sc_hd__buf_6)
     4    0.02                           net5 (net)
                  0.06    0.00    0.29 ^ _086_/B (sky130_fd_sc_hd__nand2b_4)
                  0.05    0.06    0.35 v _086_/Y (sky130_fd_sc_hd__nand2b_4)
     2    0.01                           _021_ (net)
                  0.05    0.00    0.35 v _087_/C (sky130_fd_sc_hd__nor3_4)
                  0.28    0.23    0.59 ^ _087_/Y (sky130_fd_sc_hd__nor3_4)
     4    0.02                           _022_ (net)
                  0.28    0.00    0.59 ^ _092_/A (sky130_fd_sc_hd__nor2_1)
                  0.07    0.10    0.69 v _092_/Y (sky130_fd_sc_hd__nor2_1)
     1    0.00                           _027_ (net)
                  0.07    0.00    0.69 v _093_/C (sky130_fd_sc_hd__nor3_1)
                  0.22    0.19    0.88 ^ _093_/Y (sky130_fd_sc_hd__nor3_1)
     1    0.01                           net13 (net)
                  0.22    0.00    0.88 ^ output13/A (sky130_fd_sc_hd__clkbuf_1)
                  0.13    0.18    1.06 ^ output13/X (sky130_fd_sc_hd__clkbuf_1)
     1    0.01                           v13_D_7 (net)
                  0.13    0.00    1.06 ^ v13_D_7 (out)
                                  1.06   data arrival time

                  0.00    1.00    1.00   clock clk (rise edge)
                          0.00    1.00   clock network delay (ideal)
                         -0.10    0.90   clock uncertainty
                          0.00    0.90   clock reconvergence pessimism
                         -0.20    0.70   output external delay
                                  0.70   data required time
-----------------------------------------------------------------------------
                                  0.70   data required time
                                 -1.06   data arrival time
-----------------------------------------------------------------------------
                                 -0.36   slack (VIOLATED)



==========================================================================
global route report_checks -unconstrained
--------------------------------------------------------------------------
Startpoint: v3 (input port clocked by clk)
Endpoint: v13_D_7 (output port clocked by clk)
Path Group: clk
Path Type: max

Fanout     Cap    Slew   Delay    Time   Description
-----------------------------------------------------------------------------
                  0.00    0.00    0.00   clock clk (rise edge)
                          0.00    0.00   clock network delay (ideal)
                          0.20    0.20 ^ input external delay
                  0.00    0.00    0.20 ^ v3 (in)
     1    0.01                           v3 (net)
                  0.00    0.00    0.20 ^ input5/A (sky130_fd_sc_hd__buf_6)
                  0.06    0.09    0.29 ^ input5/X (sky130_fd_sc_hd__buf_6)
     4    0.02                           net5 (net)
                  0.06    0.00    0.29 ^ _086_/B (sky130_fd_sc_hd__nand2b_4)
                  0.05    0.06    0.35 v _086_/Y (sky130_fd_sc_hd__nand2b_4)
     2    0.01                           _021_ (net)
                  0.05    0.00    0.35 v _087_/C (sky130_fd_sc_hd__nor3_4)
                  0.28    0.23    0.59 ^ _087_/Y (sky130_fd_sc_hd__nor3_4)
     4    0.02                           _022_ (net)
                  0.28    0.00    0.59 ^ _092_/A (sky130_fd_sc_hd__nor2_1)
                  0.07    0.10    0.69 v _092_/Y (sky130_fd_sc_hd__nor2_1)
     1    0.00                           _027_ (net)
                  0.07    0.00    0.69 v _093_/C (sky130_fd_sc_hd__nor3_1)
                  0.22    0.19    0.88 ^ _093_/Y (sky130_fd_sc_hd__nor3_1)
     1    0.01                           net13 (net)
                  0.22    0.00    0.88 ^ output13/A (sky130_fd_sc_hd__clkbuf_1)
                  0.13    0.18    1.06 ^ output13/X (sky130_fd_sc_hd__clkbuf_1)
     1    0.01                           v13_D_7 (net)
                  0.13    0.00    1.06 ^ v13_D_7 (out)
                                  1.06   data arrival time

                  0.00    1.00    1.00   clock clk (rise edge)
                          0.00    1.00   clock network delay (ideal)
                         -0.10    0.90   clock uncertainty
                          0.00    0.90   clock reconvergence pessimism
                         -0.20    0.70   output external delay
                                  0.70   data required time
-----------------------------------------------------------------------------
                                  0.70   data required time
                                 -1.06   data arrival time
-----------------------------------------------------------------------------
                                 -0.36   slack (VIOLATED)



==========================================================================
global route report_check_types -max_slew -max_cap -max_fanout -violators
--------------------------------------------------------------------------

==========================================================================
global route max_slew_check_slack
--------------------------------------------------------------------------
1.1401702165603638

==========================================================================
global route max_slew_check_limit
--------------------------------------------------------------------------
1.48431396484375

==========================================================================
global route max_slew_check_slack_limit
--------------------------------------------------------------------------
0.7681

==========================================================================
global route max_fanout_check_slack
--------------------------------------------------------------------------
1.0000000150474662e+30

==========================================================================
global route max_fanout_check_limit
--------------------------------------------------------------------------
1.0000000150474662e+30

==========================================================================
global route max_capacitance_check_slack
--------------------------------------------------------------------------
0.03891855478286743

==========================================================================
global route max_capacitance_check_limit
--------------------------------------------------------------------------
0.043954998254776

==========================================================================
global route max_capacitance_check_slack_limit
--------------------------------------------------------------------------
0.8854

==========================================================================
global route max_slew_violation_count
--------------------------------------------------------------------------
max slew violation count 0

==========================================================================
global route max_fanout_violation_count
--------------------------------------------------------------------------
max fanout violation count 0

==========================================================================
global route max_cap_violation_count
--------------------------------------------------------------------------
max cap violation count 0

==========================================================================
global route setup_violation_count
--------------------------------------------------------------------------
setup violation count 1

==========================================================================
global route hold_violation_count
--------------------------------------------------------------------------
hold violation count 0

==========================================================================
global route critical path delay
--------------------------------------------------------------------------
1.0615

==========================================================================
global route critical path slack
--------------------------------------------------------------------------
-0.3615

==========================================================================
global route slack div critical path delay
--------------------------------------------------------------------------
-34.055582

==========================================================================
global route report_design_area
--------------------------------------------------------------------------
Design area 743 u^2 81% utilization.


==========================================================================
check_antennas
--------------------------------------------------------------------------
[WARNING ANT-0011] -report_violating_nets is deprecated.
[INFO GRT-0043] No OR_DEFAULT vias defined.
[INFO ANT-0002] Found 0 net violations.
[INFO ANT-0001] Found 0 pin violations.
[INFO FLW-0007] clock clk period 1.000000
[INFO FLW-0008] Clock clk period 1.293
[INFO FLW-0009] Clock clk slack -0.361
[WARNING STA-0357] virtual clock clk can not be propagated.
[INFO FLW-0011] Path endpoint count 13
Elapsed time: 0:01.02[h:]min:sec. CPU time: user 0.79 sys 0.19 (96%). Peak memory: 135652KB.
