 
****************************************
Report : timing
        -path full
        -delay max
        -max_paths 20
Design : s386
Version: Q-2019.12
Date   : Tue May 16 20:31:22 2023
****************************************

 * Some/all delay information is back-annotated.

Operating Conditions: ss0p95v25c   Library: saed32rvt_ss0p95v25c

  Startpoint: v1 (input port clocked by ideal_clock1)
  Endpoint: v13_D_11 (output port clocked by ideal_clock1)
  Path Group: ideal_clock1
  Path Type: max

  Point                                    Incr       Path
  -----------------------------------------------------------
  clock ideal_clock1 (rise edge)           0.00       0.00
  clock network delay (ideal)              0.40       0.40
  input external delay                     0.10       0.50 f
  v1 (in)                                  0.00       0.50 f
  U93/Y (INVX1_RVT)                        0.02 *     0.52 r
  U105/Y (NAND2X0_RVT)                     0.07 *     0.59 f
  U74/Y (DELLN2X2_RVT)                     0.36 *     0.95 f
  U98/Y (AO22X1_RVT)                       0.08 *     1.03 f
  U97/Y (NAND2X0_RVT)                      0.08 *     1.11 r
  U132/Y (NAND3X0_RVT)                     0.08 *     1.19 f
  v13_D_11 (out)                           0.00 *     1.19 f
  data arrival time                                   1.19

  clock ideal_clock1 (rise edge)           2.00       2.00
  clock network delay (ideal)              0.40       2.40
  clock uncertainty                       -0.10       2.30
  output external delay                   -0.10       2.20
  data required time                                  2.20
  -----------------------------------------------------------
  data required time                                  2.20
  data arrival time                                  -1.19
  -----------------------------------------------------------
  slack (MET)                                         1.01


  Startpoint: v1 (input port clocked by ideal_clock1)
  Endpoint: DFF_3/q_reg
            (rising edge-triggered flip-flop clocked by ideal_clock1)
  Path Group: ideal_clock1
  Path Type: max

  Point                                    Incr       Path
  -----------------------------------------------------------
  clock ideal_clock1 (rise edge)           0.00       0.00
  clock network delay (ideal)              0.40       0.40
  input external delay                     0.10       0.50 f
  v1 (in)                                  0.00       0.50 f
  U93/Y (INVX1_RVT)                        0.02 *     0.52 r
  U105/Y (NAND2X0_RVT)                     0.07 *     0.59 f
  U74/Y (DELLN2X2_RVT)                     0.36 *     0.95 f
  U98/Y (AO22X1_RVT)                       0.08 *     1.03 f
  U97/Y (NAND2X0_RVT)                      0.08 *     1.11 r
  U134/Y (NAND3X0_RVT)                     0.09 *     1.20 f
  DFF_3/d (dff_3)                          0.00       1.20 f
  DFF_3/q_reg/D (DFFX1_RVT)                0.00 *     1.20 f
  data arrival time                                   1.20

  clock ideal_clock1 (rise edge)           2.00       2.00
  clock network delay (ideal)              0.40       2.40
  clock uncertainty                       -0.10       2.30
  DFF_3/q_reg/CLK (DFFX1_RVT)              0.00       2.30 r
  library setup time                      -0.05       2.25
  data required time                                  2.25
  -----------------------------------------------------------
  data required time                                  2.25
  data arrival time                                  -1.20
  -----------------------------------------------------------
  slack (MET)                                         1.05


  Startpoint: v1 (input port clocked by ideal_clock1)
  Endpoint: DFF_2/q_reg
            (rising edge-triggered flip-flop clocked by ideal_clock1)
  Path Group: ideal_clock1
  Path Type: max

  Point                                    Incr       Path
  -----------------------------------------------------------
  clock ideal_clock1 (rise edge)           0.00       0.00
  clock network delay (ideal)              0.40       0.40
  input external delay                     0.10       0.50 r
  v1 (in)                                  0.00       0.50 r
  U93/Y (INVX1_RVT)                        0.02 *     0.52 f
  U105/Y (NAND2X0_RVT)                     0.07 *     0.59 r
  U74/Y (DELLN2X2_RVT)                     0.33 *     0.92 r
  U98/Y (AO22X1_RVT)                       0.09 *     1.01 r
  U97/Y (NAND2X0_RVT)                      0.07 *     1.08 f
  U122/Y (INVX1_RVT)                       0.04 *     1.12 r
  U120/Y (AO21X1_RVT)                      0.07 *     1.19 r
  DFF_2/d (dff_4)                          0.00       1.19 r
  DFF_2/q_reg/D (DFFX1_RVT)                0.00 *     1.19 r
  data arrival time                                   1.19

  clock ideal_clock1 (rise edge)           2.00       2.00
  clock network delay (ideal)              0.40       2.40
  clock uncertainty                       -0.10       2.30
  DFF_2/q_reg/CLK (DFFX1_RVT)              0.00       2.30 r
  library setup time                      -0.05       2.25
  data required time                                  2.25
  -----------------------------------------------------------
  data required time                                  2.25
  data arrival time                                  -1.19
  -----------------------------------------------------------
  slack (MET)                                         1.06


  Startpoint: DFF_5/q_reg
              (rising edge-triggered flip-flop clocked by ideal_clock1)
  Endpoint: v13_D_6 (output port clocked by ideal_clock1)
  Path Group: ideal_clock1
  Path Type: max

  Point                                    Incr       Path
  -----------------------------------------------------------
  clock ideal_clock1 (rise edge)           0.00       0.00
  clock network delay (ideal)              0.40       0.40
  DFF_5/q_reg/CLK (DFFX1_RVT)              0.00       0.40 r
  DFF_5/q_reg/Q (DFFX1_RVT)                0.22       0.62 f
  DFF_5/q (dff_1)                          0.00       0.62 f
  U94/Y (INVX0_RVT)                        0.08 *     0.70 r
  U104/Y (AND2X1_RVT)                      0.08 *     0.78 r
  U107/Y (NAND2X0_RVT)                     0.06 *     0.84 f
  U100/Y (INVX1_RVT)                       0.03 *     0.88 r
  U76/Y (NAND3X1_RVT)                      0.10 *     0.98 f
  U148/Y (INVX0_RVT)                       0.04 *     1.02 r
  U139/Y (AO22X1_RVT)                      0.10 *     1.12 r
  v13_D_6 (out)                            0.00 *     1.12 r
  data arrival time                                   1.12

  clock ideal_clock1 (rise edge)           2.00       2.00
  clock network delay (ideal)              0.40       2.40
  clock uncertainty                       -0.10       2.30
  output external delay                   -0.10       2.20
  data required time                                  2.20
  -----------------------------------------------------------
  data required time                                  2.20
  data arrival time                                  -1.12
  -----------------------------------------------------------
  slack (MET)                                         1.08


  Startpoint: DFF_5/q_reg
              (rising edge-triggered flip-flop clocked by ideal_clock1)
  Endpoint: v13_D_8 (output port clocked by ideal_clock1)
  Path Group: ideal_clock1
  Path Type: max

  Point                                    Incr       Path
  -----------------------------------------------------------
  clock ideal_clock1 (rise edge)           0.00       0.00
  clock network delay (ideal)              0.40       0.40
  DFF_5/q_reg/CLK (DFFX1_RVT)              0.00       0.40 r
  DFF_5/q_reg/Q (DFFX1_RVT)                0.22       0.62 r
  DFF_5/q (dff_1)                          0.00       0.62 r
  U94/Y (INVX0_RVT)                        0.07 *     0.69 f
  U104/Y (AND2X1_RVT)                      0.09 *     0.78 f
  U150/Y (AND3X1_RVT)                      0.09 *     0.87 f
  U80/Y (NAND4X1_RVT)                      0.15 *     1.02 r
  U131/Y (NOR2X1_RVT)                      0.09 *     1.11 f
  v13_D_8 (out)                            0.00 *     1.11 f
  data arrival time                                   1.11

  clock ideal_clock1 (rise edge)           2.00       2.00
  clock network delay (ideal)              0.40       2.40
  clock uncertainty                       -0.10       2.30
  output external delay                   -0.10       2.20
  data required time                                  2.20
  -----------------------------------------------------------
  data required time                                  2.20
  data arrival time                                  -1.11
  -----------------------------------------------------------
  slack (MET)                                         1.09


  Startpoint: DFF_5/q_reg
              (rising edge-triggered flip-flop clocked by ideal_clock1)
  Endpoint: DFF_4/q_reg
            (rising edge-triggered flip-flop clocked by ideal_clock1)
  Path Group: ideal_clock1
  Path Type: max

  Point                                    Incr       Path
  -----------------------------------------------------------
  clock ideal_clock1 (rise edge)           0.00       0.00
  clock network delay (ideal)              0.40       0.40
  DFF_5/q_reg/CLK (DFFX1_RVT)              0.00       0.40 r
  DFF_5/q_reg/Q (DFFX1_RVT)                0.22       0.62 r
  DFF_5/q (dff_1)                          0.00       0.62 r
  U94/Y (INVX0_RVT)                        0.07 *     0.69 f
  U87/Y (NAND2X0_RVT)                      0.08 *     0.77 r
  U109/Y (NAND2X0_RVT)                     0.06 *     0.83 f
  U103/Y (OA22X1_RVT)                      0.10 *     0.92 f
  U102/Y (OA22X1_RVT)                      0.07 *     0.99 f
  U101/Y (OAI22X1_RVT)                     0.09 *     1.08 r
  U78/Y (AND2X1_RVT)                       0.06 *     1.14 r
  DFF_4/d (dff_2)                          0.00       1.14 r
  DFF_4/q_reg/D (DFFX1_RVT)                0.00 *     1.14 r
  data arrival time                                   1.14

  clock ideal_clock1 (rise edge)           2.00       2.00
  clock network delay (ideal)              0.40       2.40
  clock uncertainty                       -0.10       2.30
  DFF_4/q_reg/CLK (DFFX1_RVT)              0.00       2.30 r
  library setup time                      -0.05       2.25
  data required time                                  2.25
  -----------------------------------------------------------
  data required time                                  2.25
  data arrival time                                  -1.14
  -----------------------------------------------------------
  slack (MET)                                         1.11


  Startpoint: DFF_5/q_reg
              (rising edge-triggered flip-flop clocked by ideal_clock1)
  Endpoint: v13_D_12 (output port clocked by ideal_clock1)
  Path Group: ideal_clock1
  Path Type: max

  Point                                    Incr       Path
  -----------------------------------------------------------
  clock ideal_clock1 (rise edge)           0.00       0.00
  clock network delay (ideal)              0.40       0.40
  DFF_5/q_reg/CLK (DFFX1_RVT)              0.00       0.40 r
  DFF_5/q_reg/Q (DFFX1_RVT)                0.22       0.62 f
  DFF_5/q (dff_1)                          0.00       0.62 f
  U94/Y (INVX0_RVT)                        0.08 *     0.70 r
  U104/Y (AND2X1_RVT)                      0.08 *     0.78 r
  U150/Y (AND3X1_RVT)                      0.09 *     0.87 r
  U135/Y (NBUFFX2_RVT)                     0.05 *     0.93 r
  U146/Y (AND2X1_RVT)                      0.07 *     0.99 r
  U144/Y (AND4X1_RVT)                      0.09 *     1.09 r
  v13_D_12 (out)                           0.00 *     1.09 r
  data arrival time                                   1.09

  clock ideal_clock1 (rise edge)           2.00       2.00
  clock network delay (ideal)              0.40       2.40
  clock uncertainty                       -0.10       2.30
  output external delay                   -0.10       2.20
  data required time                                  2.20
  -----------------------------------------------------------
  data required time                                  2.20
  data arrival time                                  -1.09
  -----------------------------------------------------------
  slack (MET)                                         1.11


  Startpoint: DFF_5/q_reg
              (rising edge-triggered flip-flop clocked by ideal_clock1)
  Endpoint: v13_D_9 (output port clocked by ideal_clock1)
  Path Group: ideal_clock1
  Path Type: max

  Point                                    Incr       Path
  -----------------------------------------------------------
  clock ideal_clock1 (rise edge)           0.00       0.00
  clock network delay (ideal)              0.40       0.40
  DFF_5/q_reg/CLK (DFFX1_RVT)              0.00       0.40 r
  DFF_5/q_reg/Q (DFFX1_RVT)                0.22       0.62 f
  DFF_5/q (dff_1)                          0.00       0.62 f
  U94/Y (INVX0_RVT)                        0.08 *     0.70 r
  U104/Y (AND2X1_RVT)                      0.08 *     0.78 r
  U150/Y (AND3X1_RVT)                      0.09 *     0.87 r
  U80/Y (NAND4X1_RVT)                      0.14 *     1.02 f
  U130/Y (NAND2X0_RVT)                     0.06 *     1.08 r
  v13_D_9 (out)                            0.00 *     1.08 r
  data arrival time                                   1.08

  clock ideal_clock1 (rise edge)           2.00       2.00
  clock network delay (ideal)              0.40       2.40
  clock uncertainty                       -0.10       2.30
  output external delay                   -0.10       2.20
  data required time                                  2.20
  -----------------------------------------------------------
  data required time                                  2.20
  data arrival time                                  -1.08
  -----------------------------------------------------------
  slack (MET)                                         1.12


  Startpoint: DFF_5/q_reg
              (rising edge-triggered flip-flop clocked by ideal_clock1)
  Endpoint: v13_D_10 (output port clocked by ideal_clock1)
  Path Group: ideal_clock1
  Path Type: max

  Point                                    Incr       Path
  -----------------------------------------------------------
  clock ideal_clock1 (rise edge)           0.00       0.00
  clock network delay (ideal)              0.40       0.40
  DFF_5/q_reg/CLK (DFFX1_RVT)              0.00       0.40 r
  DFF_5/q_reg/Q (DFFX1_RVT)                0.22       0.62 f
  DFF_5/q (dff_1)                          0.00       0.62 f
  U94/Y (INVX0_RVT)                        0.08 *     0.70 r
  U104/Y (AND2X1_RVT)                      0.08 *     0.78 r
  U150/Y (AND3X1_RVT)                      0.09 *     0.87 r
  U135/Y (NBUFFX2_RVT)                     0.05 *     0.93 r
  U146/Y (AND2X1_RVT)                      0.07 *     0.99 r
  U143/Y (AND3X1_RVT)                      0.09 *     1.08 r
  v13_D_10 (out)                           0.00 *     1.08 r
  data arrival time                                   1.08

  clock ideal_clock1 (rise edge)           2.00       2.00
  clock network delay (ideal)              0.40       2.40
  clock uncertainty                       -0.10       2.30
  output external delay                   -0.10       2.20
  data required time                                  2.20
  -----------------------------------------------------------
  data required time                                  2.20
  data arrival time                                  -1.08
  -----------------------------------------------------------
  slack (MET)                                         1.12


  Startpoint: DFF_5/q_reg
              (rising edge-triggered flip-flop clocked by ideal_clock1)
  Endpoint: DFF_1/q_reg
            (rising edge-triggered flip-flop clocked by ideal_clock1)
  Path Group: ideal_clock1
  Path Type: max

  Point                                    Incr       Path
  -----------------------------------------------------------
  clock ideal_clock1 (rise edge)           0.00       0.00
  clock network delay (ideal)              0.40       0.40
  DFF_5/q_reg/CLK (DFFX1_RVT)              0.00       0.40 r
  DFF_5/q_reg/Q (DFFX1_RVT)                0.22       0.62 f
  DFF_5/q (dff_1)                          0.00       0.62 f
  U94/Y (INVX0_RVT)                        0.08 *     0.70 r
  U104/Y (AND2X1_RVT)                      0.08 *     0.78 r
  U107/Y (NAND2X0_RVT)                     0.06 *     0.84 f
  U100/Y (INVX1_RVT)                       0.03 *     0.88 r
  U76/Y (NAND3X1_RVT)                      0.10 *     0.98 f
  U148/Y (INVX0_RVT)                       0.04 *     1.02 r
  U140/Y (AO22X1_RVT)                      0.08 *     1.10 r
  DFF_1/d (dff_5)                          0.00       1.10 r
  DFF_1/q_reg/D (DFFX1_RVT)                0.00 *     1.10 r
  data arrival time                                   1.10

  clock ideal_clock1 (rise edge)           2.00       2.00
  clock network delay (ideal)              0.40       2.40
  clock uncertainty                       -0.10       2.30
  DFF_1/q_reg/CLK (DFFX1_RVT)              0.00       2.30 r
  library setup time                      -0.05       2.25
  data required time                                  2.25
  -----------------------------------------------------------
  data required time                                  2.25
  data arrival time                                  -1.10
  -----------------------------------------------------------
  slack (MET)                                         1.15


  Startpoint: DFF_5/q_reg
              (rising edge-triggered flip-flop clocked by ideal_clock1)
  Endpoint: DFF_0/q_reg
            (rising edge-triggered flip-flop clocked by ideal_clock1)
  Path Group: ideal_clock1
  Path Type: max

  Point                                    Incr       Path
  -----------------------------------------------------------
  clock ideal_clock1 (rise edge)           0.00       0.00
  clock network delay (ideal)              0.40       0.40
  DFF_5/q_reg/CLK (DFFX1_RVT)              0.00       0.40 r
  DFF_5/q_reg/Q (DFFX1_RVT)                0.22       0.62 f
  DFF_5/q (dff_1)                          0.00       0.62 f
  U94/Y (INVX0_RVT)                        0.08 *     0.70 r
  U87/Y (NAND2X0_RVT)                      0.06 *     0.77 f
  U141/Y (OR3X2_RVT)                       0.11 *     0.87 f
  U136/Y (NAND2X0_RVT)                     0.04 *     0.92 r
  U125/Y (NAND3X0_RVT)                     0.06 *     0.97 f
  U138/Y (NAND2X0_RVT)                     0.06 *     1.03 r
  DFF_0/d (dff_0)                          0.00       1.03 r
  DFF_0/q_reg/D (DFFX1_RVT)                0.00 *     1.03 r
  data arrival time                                   1.03

  clock ideal_clock1 (rise edge)           2.00       2.00
  clock network delay (ideal)              0.40       2.40
  clock uncertainty                       -0.10       2.30
  DFF_0/q_reg/CLK (DFFX1_RVT)              0.00       2.30 r
  library setup time                      -0.06       2.24
  data required time                                  2.24
  -----------------------------------------------------------
  data required time                                  2.24
  data arrival time                                  -1.03
  -----------------------------------------------------------
  slack (MET)                                         1.21


  Startpoint: DFF_1/q_reg
              (rising edge-triggered flip-flop clocked by ideal_clock1)
  Endpoint: v13_D_7 (output port clocked by ideal_clock1)
  Path Group: ideal_clock1
  Path Type: max

  Point                                    Incr       Path
  -----------------------------------------------------------
  clock ideal_clock1 (rise edge)           0.00       0.00
  clock network delay (ideal)              0.40       0.40
  DFF_1/q_reg/CLK (DFFX1_RVT)              0.00       0.40 r
  DFF_1/q_reg/Q (DFFX1_RVT)                0.22       0.62 f
  DFF_1/q (dff_5)                          0.00       0.62 f
  U84/Y (INVX0_RVT)                        0.08 *     0.70 r
  U127/Y (AND3X1_RVT)                      0.09 *     0.79 r
  U126/Y (AND2X1_RVT)                      0.07 *     0.86 r
  U129/Y (AO21X1_RVT)                      0.06 *     0.91 r
  U77/Y (AND2X2_RVT)                       0.07 *     0.98 r
  v13_D_7 (out)                            0.00 *     0.98 r
  data arrival time                                   0.98

  clock ideal_clock1 (rise edge)           2.00       2.00
  clock network delay (ideal)              0.40       2.40
  clock uncertainty                       -0.10       2.30
  output external delay                   -0.10       2.20
  data required time                                  2.20
  -----------------------------------------------------------
  data required time                                  2.20
  data arrival time                                  -0.98
  -----------------------------------------------------------
  slack (MET)                                         1.22


  Startpoint: DFF_1/q_reg
              (rising edge-triggered flip-flop clocked by ideal_clock1)
  Endpoint: DFF_5/q_reg
            (rising edge-triggered flip-flop clocked by ideal_clock1)
  Path Group: ideal_clock1
  Path Type: max

  Point                                    Incr       Path
  -----------------------------------------------------------
  clock ideal_clock1 (rise edge)           0.00       0.00
  clock network delay (ideal)              0.40       0.40
  DFF_1/q_reg/CLK (DFFX1_RVT)              0.00       0.40 r
  DFF_1/q_reg/Q (DFFX1_RVT)                0.22       0.62 f
  DFF_1/q (dff_5)                          0.00       0.62 f
  U84/Y (INVX0_RVT)                        0.08 *     0.70 r
  U127/Y (AND3X1_RVT)                      0.09 *     0.79 r
  U126/Y (AND2X1_RVT)                      0.07 *     0.86 r
  U79/Y (OA21X1_RVT)                       0.08 *     0.94 r
  DFF_5/d (dff_1)                          0.00       0.94 r
  DFF_5/q_reg/D (DFFX1_RVT)                0.00 *     0.94 r
  data arrival time                                   0.94

  clock ideal_clock1 (rise edge)           2.00       2.00
  clock network delay (ideal)              0.40       2.40
  clock uncertainty                       -0.10       2.30
  DFF_5/q_reg/CLK (DFFX1_RVT)              0.00       2.30 r
  library setup time                      -0.05       2.25
  data required time                                  2.25
  -----------------------------------------------------------
  data required time                                  2.25
  data arrival time                                  -0.94
  -----------------------------------------------------------
  slack (MET)                                         1.31


1
