OpenROAD v2.0-7988-g20b9074 
This program is licensed under the BSD-3 license. See the LICENSE file for details.
Components of this program may be licensed under more restrictive licenses which must be honored.
[INFO GPL-0002] DBU: 1000
[INFO GPL-0003] SiteSize: 460 2720
[INFO GPL-0004] CoreAreaLxLy: 5060 5440
[INFO GPL-0005] CoreAreaUxUy: 35880 35360
[INFO GPL-0006] NumInstances: 93
[INFO GPL-0007] NumPlaceInstances: 80
[INFO GPL-0008] NumFixedInstances: 13
[INFO GPL-0009] NumDummyInstances: 0
[INFO GPL-0010] NumNets: 89
[INFO GPL-0011] NumPins: 314
[INFO GPL-0012] DieAreaLxLy: 0 0
[INFO GPL-0013] DieAreaUxUy: 41340 41340
[INFO GPL-0014] CoreAreaLxLy: 5060 5440
[INFO GPL-0015] CoreAreaUxUy: 35880 35360
[INFO GPL-0016] CoreArea: 922134400
[INFO GPL-0017] NonPlaceInstsArea: 16265600
[INFO GPL-0018] PlaceInstsArea: 746966400
[INFO GPL-0019] Util(%): 82.46
[INFO GPL-0020] StdInstsArea: 746966400
[INFO GPL-0021] MacroInstsArea: 0
[INFO GPL-0031] FillerInit: NumGCells: 98
[INFO GPL-0032] FillerInit: NumGNets: 89
[INFO GPL-0033] FillerInit: NumGPins: 314
[INFO GPL-0023] TargetDensity: 1.00
[INFO GPL-0024] AveragePlaceInstArea: 9337080
[INFO GPL-0025] IdealBinArea: 9337080
[INFO GPL-0026] IdealBinCnt: 98
[INFO GPL-0027] TotalBinArea: 922134400
[INFO GPL-0028] BinCnt: 8 8
[INFO GPL-0029] BinSize: 3853 3740
[INFO GPL-0030] NumBins: 64
[INFO GPL-0002] DBU: 1000
[INFO GPL-0003] SiteSize: 460 2720
[INFO GPL-0004] CoreAreaLxLy: 5060 5440
[INFO GPL-0005] CoreAreaUxUy: 35880 35360
[INFO GPL-0006] NumInstances: 93
[INFO GPL-0007] NumPlaceInstances: 80
[INFO GPL-0008] NumFixedInstances: 13
[INFO GPL-0009] NumDummyInstances: 0
[INFO GPL-0010] NumNets: 89
[INFO GPL-0011] NumPins: 314
[INFO GPL-0012] DieAreaLxLy: 0 0
[INFO GPL-0013] DieAreaUxUy: 41340 41340
[INFO GPL-0014] CoreAreaLxLy: 5060 5440
[INFO GPL-0015] CoreAreaUxUy: 35880 35360
[INFO GPL-0016] CoreArea: 922134400
[INFO GPL-0017] NonPlaceInstsArea: 16265600
[INFO GPL-0018] PlaceInstsArea: 746966400
[INFO GPL-0019] Util(%): 82.46
[INFO GPL-0020] StdInstsArea: 746966400
[INFO GPL-0021] MacroInstsArea: 0
[InitialPlace]  Iter: 1 CG residual: 0.00000007 HPWL: 1300197
[InitialPlace]  Iter: 2 CG residual: 0.00000011 HPWL: 882129
[InitialPlace]  Iter: 3 CG residual: 0.00000003 HPWL: 871924
[InitialPlace]  Iter: 4 CG residual: 0.00000011 HPWL: 867866
[InitialPlace]  Iter: 5 CG residual: 0.00000012 HPWL: 864486
[INFO GPL-0031] FillerInit: NumGCells: 84
[INFO GPL-0032] FillerInit: NumGNets: 89
[INFO GPL-0033] FillerInit: NumGPins: 314
[INFO GPL-0023] TargetDensity: 0.87
[INFO GPL-0024] AveragePlaceInstArea: 9337080
[INFO GPL-0025] IdealBinArea: 10736367
[INFO GPL-0026] IdealBinCnt: 85
[INFO GPL-0027] TotalBinArea: 922134400
[INFO GPL-0028] BinCnt: 8 8
[INFO GPL-0029] BinSize: 3853 3740
[INFO GPL-0030] NumBins: 64
[NesterovSolve] Iter: 1 overflow: 0.819321 HPWL: 476199
[INFO GPL-0100] worst slack -1.2e-10
[INFO GPL-0103] Weighted 8 nets.
[NesterovSolve] Iter: 10 overflow: 0.720215 HPWL: 552798
[NesterovSolve] Iter: 20 overflow: 0.712787 HPWL: 552603
[NesterovSolve] Iter: 30 overflow: 0.724329 HPWL: 553816
[NesterovSolve] Iter: 40 overflow: 0.717067 HPWL: 553495
[NesterovSolve] Iter: 50 overflow: 0.713963 HPWL: 552921
[NesterovSolve] Iter: 60 overflow: 0.716595 HPWL: 553146
[NesterovSolve] Iter: 70 overflow: 0.717936 HPWL: 553553
[NesterovSolve] Iter: 80 overflow: 0.716269 HPWL: 553717
[NesterovSolve] Iter: 90 overflow: 0.715029 HPWL: 553760
[NesterovSolve] Iter: 100 overflow: 0.714715 HPWL: 554269
[NesterovSolve] Iter: 110 overflow: 0.714144 HPWL: 555145
[NesterovSolve] Iter: 120 overflow: 0.713046 HPWL: 556333
[NesterovSolve] Iter: 130 overflow: 0.711536 HPWL: 558097
[NesterovSolve] Iter: 140 overflow: 0.709483 HPWL: 561107
[NesterovSolve] Iter: 150 overflow: 0.708699 HPWL: 566251
[NesterovSolve] Iter: 160 overflow: 0.703386 HPWL: 573569
[NesterovSolve] Iter: 170 overflow: 0.676446 HPWL: 581204
[NesterovSolve] Iter: 180 overflow: 0.656847 HPWL: 593305
[NesterovSolve] Iter: 190 overflow: 0.639281 HPWL: 611359
[INFO GPL-0100] worst slack -1.5e-10
[INFO GPL-0103] Weighted 8 nets.
[NesterovSolve] Iter: 200 overflow: 0.600987 HPWL: 628174
[NesterovSolve] Snapshot saved at iter = 200
[NesterovSolve] Iter: 210 overflow: 0.565817 HPWL: 644102
[NesterovSolve] Iter: 220 overflow: 0.537982 HPWL: 669549
[NesterovSolve] Iter: 230 overflow: 0.49936 HPWL: 690344
[INFO GPL-0100] worst slack -1.6e-10
[INFO GPL-0103] Weighted 8 nets.
[NesterovSolve] Iter: 240 overflow: 0.458342 HPWL: 709591
[NesterovSolve] Iter: 250 overflow: 0.419679 HPWL: 730475
[NesterovSolve] Iter: 260 overflow: 0.378415 HPWL: 752097
[NesterovSolve] Iter: 270 overflow: 0.329028 HPWL: 764179
[NesterovSolve] Iter: 280 overflow: 0.292451 HPWL: 779771
[INFO GPL-0100] worst slack -1.67e-10
[INFO GPL-0103] Weighted 8 nets.
[NesterovSolve] Iter: 290 overflow: 0.248896 HPWL: 790752
[NesterovSolve] Iter: 300 overflow: 0.22036 HPWL: 798126
[INFO GPL-0100] worst slack -4.92e-11
[INFO GPL-0103] Weighted 8 nets.
[INFO GPL-0075] Routability numCall: 1 inflationIterCnt: 1 bloatIterCnt: 0
[INFO GPL-0036] TileLxLy: 0 0
[INFO GPL-0037] TileSize: 6900 6900
[INFO GPL-0038] TileCnt: 5 5
[INFO GPL-0039] numRoutingLayers: 6
[INFO GPL-0040] NumTiles: 25
[INFO GPL-0063] TotalRouteOverflowH2: 0.0
[INFO GPL-0064] TotalRouteOverflowV2: 0.0
[INFO GPL-0065] OverflowTileCnt2: 0
[INFO GPL-0066] 0.5%RC: 0.949999988079071
[INFO GPL-0067] 1.0%RC: 0.949999988079071
[INFO GPL-0068] 2.0%RC: 0.949999988079071
[INFO GPL-0069] 5.0%RC: 0.9333333174387614
[INFO GPL-0070] 0.5rcK: 1.0
[INFO GPL-0071] 1.0rcK: 1.0
[INFO GPL-0072] 2.0rcK: 0.0
[INFO GPL-0073] 5.0rcK: 0.0
[INFO GPL-0074] FinalRC: 0.95
[NesterovSolve] Iter: 310 overflow: 0.182139 HPWL: 812831
[NesterovSolve] Iter: 320 overflow: 0.159937 HPWL: 827096
[INFO GPL-0100] worst slack -5.49e-11
[INFO GPL-0103] Weighted 8 nets.
[NesterovSolve] Iter: 330 overflow: 0.135712 HPWL: 840716
[NesterovSolve] Iter: 340 overflow: 0.10616 HPWL: 850111
[NesterovSolve] Finished with Overflow: 0.097748

==========================================================================
global place check_setup
--------------------------------------------------------------------------
Warning: There are 6 unclocked register/latch pins.
Warning: There are 6 unconstrained endpoints.

==========================================================================
global place report_tns
--------------------------------------------------------------------------
tns -0.11

==========================================================================
global place report_wns
--------------------------------------------------------------------------
wns -0.09

==========================================================================
global place report_worst_slack
--------------------------------------------------------------------------
worst slack -0.09

==========================================================================
global place report_checks -path_delay min
--------------------------------------------------------------------------
Startpoint: v6 (input port clocked by clk)
Endpoint: v13_D_8 (output port clocked by clk)
Path Group: clk
Path Type: min

Fanout     Cap    Slew   Delay    Time   Description
-----------------------------------------------------------------------------
                  0.00    0.00    0.00   clock clk (rise edge)
                          0.00    0.00   clock network delay (ideal)
                          0.10    0.10 ^ input external delay
                  0.00    0.00    0.10 ^ v6 (in)
     1    0.00                           v6 (net)
                  0.00    0.00    0.10 ^ _078_/A (sky130_fd_sc_hd__nor2_1)
                  0.02    0.02    0.12 v _078_/Y (sky130_fd_sc_hd__nor2_1)
     1    0.00                           v13_D_8 (net)
                  0.02    0.00    0.12 v v13_D_8 (out)
                                  0.12   data arrival time

                  0.00    0.00    0.00   clock clk (rise edge)
                          0.00    0.00   clock network delay (ideal)
                          0.05    0.05   clock uncertainty
                          0.00    0.05   clock reconvergence pessimism
                         -0.10   -0.05   output external delay
                                 -0.05   data required time
-----------------------------------------------------------------------------
                                 -0.05   data required time
                                 -0.12   data arrival time
-----------------------------------------------------------------------------
                                  0.17   slack (MET)



==========================================================================
global place report_checks -path_delay max
--------------------------------------------------------------------------
Startpoint: v3 (input port clocked by clk)
Endpoint: v13_D_11 (output port clocked by clk)
Path Group: clk
Path Type: max

Fanout     Cap    Slew   Delay    Time   Description
-----------------------------------------------------------------------------
                  0.00    0.00    0.00   clock clk (rise edge)
                          0.00    0.00   clock network delay (ideal)
                          0.20    0.20 v input external delay
                  0.00    0.00    0.20 v v3 (in)
     4    0.01                           v3 (net)
                  0.00    0.00    0.20 v _086_/A_N (sky130_fd_sc_hd__nand2b_1)
                  0.12    0.14    0.34 v _086_/Y (sky130_fd_sc_hd__nand2b_1)
     2    0.01                           _021_ (net)
                  0.12    0.00    0.34 v _087_/C (sky130_fd_sc_hd__nor3_2)
                  0.29    0.25    0.59 ^ _087_/Y (sky130_fd_sc_hd__nor3_2)
     4    0.01                           _022_ (net)
                  0.29    0.00    0.59 ^ _143_/C1 (sky130_fd_sc_hd__a311oi_1)
                  0.13    0.08    0.66 v _143_/Y (sky130_fd_sc_hd__a311oi_1)
     1    0.00                           _002_ (net)
                  0.13    0.00    0.66 v _146_/A1 (sky130_fd_sc_hd__o211ai_1)
                  0.12    0.18    0.84 ^ _146_/Y (sky130_fd_sc_hd__o211ai_1)
     1    0.00                           v13_D_11 (net)
                  0.12    0.00    0.84 ^ v13_D_11 (out)
                                  0.84   data arrival time

                  0.00    1.00    1.00   clock clk (rise edge)
                          0.00    1.00   clock network delay (ideal)
                         -0.05    0.95   clock uncertainty
                          0.00    0.95   clock reconvergence pessimism
                         -0.20    0.75   output external delay
                                  0.75   data required time
-----------------------------------------------------------------------------
                                  0.75   data required time
                                 -0.84   data arrival time
-----------------------------------------------------------------------------
                                 -0.09   slack (VIOLATED)



==========================================================================
global place report_checks -unconstrained
--------------------------------------------------------------------------
Startpoint: v3 (input port clocked by clk)
Endpoint: v13_D_11 (output port clocked by clk)
Path Group: clk
Path Type: max

Fanout     Cap    Slew   Delay    Time   Description
-----------------------------------------------------------------------------
                  0.00    0.00    0.00   clock clk (rise edge)
                          0.00    0.00   clock network delay (ideal)
                          0.20    0.20 v input external delay
                  0.00    0.00    0.20 v v3 (in)
     4    0.01                           v3 (net)
                  0.00    0.00    0.20 v _086_/A_N (sky130_fd_sc_hd__nand2b_1)
                  0.12    0.14    0.34 v _086_/Y (sky130_fd_sc_hd__nand2b_1)
     2    0.01                           _021_ (net)
                  0.12    0.00    0.34 v _087_/C (sky130_fd_sc_hd__nor3_2)
                  0.29    0.25    0.59 ^ _087_/Y (sky130_fd_sc_hd__nor3_2)
     4    0.01                           _022_ (net)
                  0.29    0.00    0.59 ^ _143_/C1 (sky130_fd_sc_hd__a311oi_1)
                  0.13    0.08    0.66 v _143_/Y (sky130_fd_sc_hd__a311oi_1)
     1    0.00                           _002_ (net)
                  0.13    0.00    0.66 v _146_/A1 (sky130_fd_sc_hd__o211ai_1)
                  0.12    0.18    0.84 ^ _146_/Y (sky130_fd_sc_hd__o211ai_1)
     1    0.00                           v13_D_11 (net)
                  0.12    0.00    0.84 ^ v13_D_11 (out)
                                  0.84   data arrival time

                  0.00    1.00    1.00   clock clk (rise edge)
                          0.00    1.00   clock network delay (ideal)
                         -0.05    0.95   clock uncertainty
                          0.00    0.95   clock reconvergence pessimism
                         -0.20    0.75   output external delay
                                  0.75   data required time
-----------------------------------------------------------------------------
                                  0.75   data required time
                                 -0.84   data arrival time
-----------------------------------------------------------------------------
                                 -0.09   slack (VIOLATED)



==========================================================================
global place report_design_area
--------------------------------------------------------------------------
Design area 563 u^2 61% utilization.

Elapsed time: 0:01.40[h:]min:sec. CPU time: user 1.22 sys 0.15 (97%). Peak memory: 157700KB.
